17-12-1 23:12:34  - 1 (BTC) => 599213.9342 (CARDRUB) (Остаток: 1363624.48. Минимум: 0.005 BTC)
17-12-1 23:12:34  - 1 (BTC) => 590730 (CARDRUB) (Остаток: 1756829.21. Минимум: 0.002 BTC)
17-12-1 23:12:46  - 1 (BTC) => 601763.5083 (CARDRUB) (Остаток: 1363624.48. Минимум: 0.005 BTC)
17-12-1 23:12:46  - 1 (BTC) => 595624.62 (CARDRUB) (Остаток: 1756829.21. Минимум: 0.002 BTC)
17-12-1 23:12:59  - 1 (BTC) => 601768.5597 (CARDRUB) (Остаток: 1363624.48. Минимум: 0.005 BTC)
17-12-1 23:12:59  - 1 (BTC) => 595624.62 (CARDRUB) (Остаток: 1756829.21. Минимум: 0.002 BTC)
17-12-1 23:12:12  - 1 (BTC) => 601768.5597 (CARDRUB) (Остаток: 1363624.48. Минимум: 0.005 BTC)
17-12-1 23:12:12  - 1 (BTC) => 595624.62 (CARDRUB) (Остаток: 1756829.21. Минимум: 0.002 BTC)
Fastchange - 17-12-1 23:12:41  - 1 (BTC) => 601770.7443 (CARDRUB) (Остаток: 1363624.48. Минимум: 0.005 BTC)
Kassa - 17-12-1 23:12:42  - 1 (BTC) => 595628.5 (CARDRUB) (Остаток: 1756829.21. Минимум: 0.002 BTC)
Fastchange - 17-12-1 23:12:33  - 1 (BTC) => 601284.0391 (CARDRUB) (Остаток: 1363624.48. Минимум: 0.005 BTC)
Kassa      - 17-12-1 23:12:34  - 1 (BTC) => 595628.5 (CARDRUB) (Остаток: 1756829.21. Минимум: 0.002 BTC)
Fastchange - 17-12-2 0:12:2  - 1 (BTC) => 601284.0391 (CARDRUB) (Остаток: 1363624.48. Минимум: 0.005 BTC)
Kassa      - 17-12-2 0:12:2  - 1 (BTC) => 595628.5 (CARDRUB) (Остаток: 1756829.21. Минимум: 0.002 BTC)
Fastchange - 17-12-2 0:12:13  - 1 (BTC) => 600244.5252 (CARDRUB) (Остаток: 1363624.48. Минимум: 0.005 BTC)
Kassa      - 17-12-2 0:12:13  - 1 (BTC) => 595628.5 (CARDRUB) (Остаток: 1756829.21. Минимум: 0.002 BTC)
Fastchange - 17-12-2 0:12:20  - 1 (BTC) => 600244.5252 (CARDRUB) (Остаток: 1363624.48. Минимум: 0.005 BTC)
Kassa      - 17-12-2 0:12:20  - 1 (BTC) => 595628.5 (CARDRUB) (Остаток: 1756829.21. Минимум: 0.002 BTC)
Fastchange - 17-12-2 10:12:39  - 1 (BTC) => 607975.607 (CARDRUB) (Остаток: 1363624.48. Минимум: 0.005 BTC)
Kassa      - 17-12-2 10:12:40  - 1 (BTC) => 595189.0672 (CARDRUB) (Остаток: 2130760.19. Минимум: 0.002 BTC)
Fastchange - 17-12-2 23:12:41  - 1 (BTC) => 624107.0809 (CARDRUB) (Остаток: 1363624.48. Минимум: 0.005 BTC)
Kassa      - 17-12-2 23:12:42  - 1 (BTC) => 624741.6 (CARDRUB) (Остаток: 2644897.77. Минимум: 0.002 BTC)
Fastchange - 17-12-2 23:12:51  - 1 (BTC) => 624107.0809 (CARDRUB) (Остаток: 1363624.48. Минимум: 0.005 BTC)
Kassa      - 17-12-2 23:12:51  - 1 (BTC) => 624741.6 (CARDRUB) (Остаток: 2644897.77. Минимум: 0.002 BTC)
Fastchange - 17-12-2 23:12:53  - 1 (BTC) => 624107.0809 (CARDRUB) (Остаток: 1363624.48. Минимум: 0.005 BTC)
Kassa      - 17-12-2 23:12:53  - 1 (BTC) => 624741.6 (CARDRUB) (Остаток: 2644897.77. Минимум: 0.002 BTC)
Fastchange - 17-12-2 23:12:50  - 1 (BTC) => 624107.0809 (CARDRUB) (Остаток: 1363624.48. Минимум: 0.005 BTC)
Kassa      - 17-12-2 23:12:50  - 1 (BTC) => 624741.6 (CARDRUB) (Остаток: 2644897.77. Минимум: 0.002 BTC)
Superobmenka - 17-12-3 22:12:59  - 1 (BTC) => 694830 (CARDRUB) (Остаток: 282539. Минимум: undefined)
Fastchange - 17-12-3 22:12:0  - 1 (BTC) => 685223.7474 (CARDRUB) (Остаток: 1363624.48. Минимум: 0.005 BTC)
Kassa      - 17-12-3 22:12:0  - 1 (BTC) => 673010.95 (CARDRUB) (Остаток: 2431780.54. Минимум: 0.002 BTC)
Fastchange - 17-12-3 22:12:12  - 1 (BTC) => 685172.8048 (CARDRUB) (Остаток: 1363624.48. Минимум: 0.005 BTC)
Superobmenka - 17-12-3 22:12:12  - 1 (BTC) => 694830 (CARDRUB) (Остаток: 282539. Минимум: undefined)
Kassa      - 17-12-3 22:12:12  - 1 (BTC) => 673010.95 (CARDRUB) (Остаток: 2431780.54. Минимум: 0.002 BTC)
4exchange - 17-12-3 22:12:40  - 1 (BTC) => 697000 (CARDRUB) (Остаток: 282550. Минимум: undefined)
Fastchange - 17-12-3 22:12:40  - 1 (BTC) => 685172.8048 (CARDRUB) (Остаток: 1363624.48. Минимум: 0.005 BTC)
Kassa      - 17-12-3 22:12:40  - 1 (BTC) => 673010.95 (CARDRUB) (Остаток: 2431780.54. Минимум: 0.002 BTC)
4exchange  - 17-12-3 22:12:51  - 1 (BTC) => 697000 (CARDRUB) (Остаток: 282550. Минимум: undefined)
Fastchange - 17-12-3 22:12:51  - 1 (BTC) => 685172.8048 (CARDRUB) (Остаток: 1363624.48. Минимум: 0.005 BTC)
Kassa      - 17-12-3 22:12:52  - 1 (BTC) => 673010.95 (CARDRUB) (Остаток: 2431780.54. Минимум: 0.002 BTC)
Fastchange - 17-12-3 22:12:2  - 1 (BTC) => 685172.8048 (CARDRUB) (Остаток: 1363624.48. Минимум: 0.005 BTC)
4exchange  - 17-12-3 22:12:3  - 1 (BTC) => 697040 (CARDRUB) (Остаток: 275820. Минимум: undefined)
Fastchange - 17-12-3 22:12:3  - 1 (BTC) => 685173.7055 (CARDRUB) (Остаток: 1363624.48. Минимум: 0.005 BTC)
Kassa      - 17-12-3 22:12:3  - 1 (BTC) => 674332.97 (CARDRUB) (Остаток: 2442763.52. Минимум: 0.002 BTC)
4exchange  - 17-12-3 22:12:16  - 1 (BTC) => 697050 (CARDRUB) (Остаток: 259254. Минимум: undefined)
Fastchange - 17-12-3 22:12:16  - 1 (BTC) => 685173.7055 (CARDRUB) (Остаток: 1363624.48. Минимум: 0.005 BTC)
Kassa      - 17-12-3 22:12:16  - 1 (BTC) => 674332.97 (CARDRUB) (Остаток: 2442763.52. Минимум: 0.002 BTC)
4exchange  - 17-12-3 22:12:7  - 1 (BTC) => 697160 (CARDRUB) (Остаток: 100554. Минимум: undefined)
Fastchange - 17-12-3 22:12:7  - 1 (BTC) => 680370.7903 (CARDRUB) (Остаток: 1363624.48. Минимум: 0.005 BTC)
Kassa      - 17-12-3 22:12:7  - 1 (BTC) => 671874.41 (CARDRUB) (Остаток: 2450977.14. Минимум: 0.002 BTC)
4exchange  - 17-12-4 22:12:41  - 1 (BTC) => 669950 (CARDRUB) (Остаток: 1078970. Минимум: undefined)
Fastchange - 17-12-4 22:12:41  - 1 (BTC) => 655251.7232 (CARDRUB) (Остаток: 1363624.48. Минимум: 0.005 BTC)
Kassa      - 17-12-4 22:12:41  - 1 (BTC) => 666853.8756 (CARDRUB) (Остаток: 1179179.71. Минимум: 0.002 BTC)
4exchange  - 17-12-7 9:12:11  - 1 (BTC) => 888740 (CARDRUB) (Остаток: 460269. Минимум: undefined)
Kassa      - 17-12-7 9:12:11  - 1 (BTC) => 840255 (CARDRUB) (Остаток: 781274.26. Минимум: 0.002 BTC)
Fastchange - 17-12-7 9:12:11  - 1 (BTC) => 846563.4021 (CARDRUB) (Остаток: 363624.48. Минимум: 0.005 BTC)
4exchange  - 17-12-7 22:12:17  - 1 (BTC) => 938840 (CARDRUB) (Остаток: 0. Минимум: undefined)
Kassa      - 17-12-7 22:12:17  - 1 (BTC) => 829912 (CARDRUB) (Остаток: 1103184.38. Минимум: 0.002 BTC)
Fastchange - 17-12-7 22:12:17  - 1 (BTC) => 929051.0781 (CARDRUB) (Остаток: 1363624.48. Минимум: 0.005 BTC)
4exchange  - 17-12-9 13:12:38  - 1 (BTC) => 917010 (CARDRUB) (Остаток: 49036.8. Минимум: undefined)
Kassa      - 17-12-9 13:12:38  - 1 (BTC) => 693751.5 (CARDRUB) (Остаток: 572804.28. Минимум: 0.002 BTC)
Fastchange - 17-12-9 13:12:38  - 1 (BTC) => 860629.1905 (CARDRUB) (Остаток: 1363624.48. Минимум: 0.005 BTC)
